<?xml version="1.0" encoding="UTF-8"?>
<!-- Generated by org.testng.reporters.JUnitReportReporter -->
<testsuite hostname="EPINPUNW009D" failures="0" tests="1" name="mavenforjenkins.UITest" time="4.296" errors="0" timestamp="2024-08-13T11:58:09 IST" skipped="0">
  <testcase classname="mavenforjenkins.UITest" name="startBrowser" time="4.296"/>
</testsuite> <!-- mavenforjenkins.UITest -->
