<?xml version="1.0" encoding="UTF-8"?>
<!-- Generated by org.testng.reporters.JUnitReportReporter -->
<testsuite hostname="EPINPUNW009D" failures="0" tests="1" name="mavenforjenkins.UITest" time="6.998" errors="0" timestamp="2024-08-13T12:35:23 IST" skipped="0">
  <testcase classname="mavenforjenkins.UITest" name="startBrowser" time="6.998"/>
</testsuite> <!-- mavenforjenkins.UITest -->
